<?xml version="1.0" encoding="UTF-8"?>
<testng-results ignored="6" total="7" passed="1" failed="0" skipped="0">
  <reporter-output>
  </reporter-output>
  <suite started-at="2023-12-08T08:15:43 IST" name="Default suite" finished-at="2023-12-08T08:15:43 IST" duration-ms="91">
    <groups>
    </groups>
    <test started-at="2023-12-08T08:15:43 IST" name="Default test" finished-at="2023-12-08T08:15:43 IST" duration-ms="91">
      <class name="collectionPrograms.Practice">
        <test-method signature="num()[pri:0, instance:collectionPrograms.Practice@37858383]" started-at="2023-12-08T08:15:43 IST" name="num" finished-at="2023-12-08T08:15:43 IST" duration-ms="15" status="PASS">
          <reporter-output>
          </reporter-output>
        </test-method> <!-- num -->
      </class> <!-- collectionPrograms.Practice -->
    </test> <!-- Default test -->
  </suite> <!-- Default suite -->
</testng-results>
