<?xml version="1.0" encoding="UTF-8"?>
<!-- Generated by org.testng.reporters.JUnitXMLReporter -->
<testsuite ignored="0" hostname="DESKTOP-ELO001E" failures="0" tests="3" name="Default test" time="0.094" errors="0" timestamp="2023-08-24T14:45:56 IST">
  <testcase classname="collectionPrograms.AddtionPrograms" name="countDuplicatsArrayMap" time="0.016"/>
  <testcase classname="collectionPrograms.AddtionPrograms" name="countTheDupilcates" time="0.003"/>
  <testcase classname="collectionPrograms.AddtionPrograms" name="countDuplicatsArray" time="0.001"/>
</testsuite> <!-- Default test -->
