<?xml version="1.0" encoding="UTF-8"?>
<!-- Generated by org.testng.reporters.JUnitXMLReporter -->
<testsuite ignored="6" hostname="DESKTOP-ELO001E" failures="0" tests="1" name="Default test" time="0.091" errors="0" timestamp="2023-12-08T08:15:43 IST">
  <testcase classname="collectionPrograms.Practice" name="num" time="0.015"/>
  <testcase classname="collectionPrograms.Practice" name="words" time="0.0">
    <ignored/>
  </testcase> <!-- words -->
  <testcase classname="collectionPrograms.Practice" name="pra" time="0.0">
    <ignored/>
  </testcase> <!-- pra -->
  <testcase classname="collectionPrograms.Practice" name="rev" time="0.0">
    <ignored/>
  </testcase> <!-- rev -->
  <testcase classname="collectionPrograms.Practice" name="character" time="0.0">
    <ignored/>
  </testcase> <!-- character -->
  <testcase classname="collectionPrograms.Practice" name="revs" time="0.0">
    <ignored/>
  </testcase> <!-- revs -->
  <testcase classname="collectionPrograms.Practice" name="reverseeachword" time="0.0">
    <ignored/>
  </testcase> <!-- reverseeachword -->
</testsuite> <!-- Default test -->
