<?xml version="1.0" encoding="UTF-8"?>
<testng-results ignored="0" total="3" passed="3" failed="0" skipped="0">
  <reporter-output>
  </reporter-output>
  <suite started-at="2023-08-24T14:45:55 IST" name="Default suite" finished-at="2023-08-24T14:45:56 IST" duration-ms="94">
    <groups>
    </groups>
    <test started-at="2023-08-24T14:45:55 IST" name="Default test" finished-at="2023-08-24T14:45:56 IST" duration-ms="94">
      <class name="collectionPrograms.AddtionPrograms">
        <test-method signature="countDuplicatsArrayMap()[pri:0, instance:collectionPrograms.AddtionPrograms@5136d012]" started-at="2023-08-24T14:45:56 IST" name="countDuplicatsArrayMap" finished-at="2023-08-24T14:45:56 IST" duration-ms="16" status="PASS">
          <reporter-output>
          </reporter-output>
        </test-method> <!-- countDuplicatsArrayMap -->
        <test-method signature="countTheDupilcates()[pri:0, instance:collectionPrograms.AddtionPrograms@5136d012]" started-at="2023-08-24T14:45:56 IST" name="countTheDupilcates" finished-at="2023-08-24T14:45:56 IST" duration-ms="3" status="PASS">
          <reporter-output>
          </reporter-output>
        </test-method> <!-- countTheDupilcates -->
        <test-method signature="countDuplicatsArray()[pri:6, instance:collectionPrograms.AddtionPrograms@5136d012]" started-at="2023-08-24T14:45:56 IST" name="countDuplicatsArray" finished-at="2023-08-24T14:45:56 IST" duration-ms="1" status="PASS">
          <reporter-output>
          </reporter-output>
        </test-method> <!-- countDuplicatsArray -->
      </class> <!-- collectionPrograms.AddtionPrograms -->
    </test> <!-- Default test -->
  </suite> <!-- Default suite -->
</testng-results>
